[2023-12-07T07:07:45.319545+00:00] blog.WARNING: asdfasdfasdfasdf [] []
[2023-12-07T07:07:54.406245+00:00] blog.WARNING: asdfasdfasdfasdf [] []
[2023-12-07T07:08:18.170291+00:00] blog.WARNING: asdfasdfasdfasdf [] []
[2023-12-07T07:08:30.700022+00:00] blog.WARNING: asdfasdfasdfasdf [] []
[2023-12-07T07:12:04.539956+00:00] blog.NOTICE: aaaa [] []
[2023-12-07T07:12:04.540822+00:00] blog.NOTICE: afsdfasd [] []
[2023-12-07T07:15:32.590205+00:00] blog.NOTICE: aaaa [] []
[2023-12-07T07:15:32.590853+00:00] blog.NOTICE: afsdfasd [] []
[2023-12-07T07:16:34.157874+00:00] blog.NOTICE: aaaa [] []
[2023-12-07T07:16:34.158654+00:00] blog.NOTICE: afsdfasd [] []
[2023-12-07T07:18:18.741621+00:00] blog.NOTICE: aaaa [] []
[2023-12-07T07:18:18.742476+00:00] blog.NOTICE: afsdfasd [] []
[2023-12-07T07:26:32.900834+00:00] blog.NOTICE: aaaa [] []
[2023-12-07T07:26:32.902051+00:00] blog.NOTICE: afsdfasd [] []
[2023-12-07T07:26:42.341851+00:00] blog.NOTICE: aaaa [] []
[2023-12-07T07:26:42.342606+00:00] blog.NOTICE: afsdfasd [] []
[2023-12-07T07:26:42.342817+00:00] blog.NOTICE: Route not found: POST /posts/commen [] []
[2023-12-07T07:28:04.892551+00:00] blog.NOTICE: aaaa [] []
[2023-12-07T07:28:04.893345+00:00] blog.NOTICE: afsdfasd [] []
[2023-12-07T07:28:34.676741+00:00] blog.NOTICE: aaaa [] []
[2023-12-07T07:28:34.677535+00:00] blog.NOTICE: afsdfasd [] []
[2023-12-07T07:28:34.677791+00:00] blog.NOTICE: Route not found: POST /posts/comments [] []
[2023-12-07T07:28:41.578054+00:00] blog.NOTICE: aaaa [] []
[2023-12-07T07:28:41.578450+00:00] blog.NOTICE: afsdfasd [] []
[2023-12-07T07:41:34.985493+00:00] blog.NOTICE: aaaa [] []
[2023-12-07T07:41:34.985947+00:00] blog.NOTICE: afsdfasd [] []
[2023-12-07T07:45:43.760269+00:00] blog.NOTICE: aaaa [] []
[2023-12-07T07:45:43.761053+00:00] blog.NOTICE: afsdfasd [] []
[2023-12-07T07:48:21.068165+00:00] blog.NOTICE: aaaa [] []
[2023-12-07T07:48:21.068958+00:00] blog.NOTICE: afsdfasd [] []
[2023-12-07T07:51:42.790019+00:00] blog.NOTICE: aaaa [] []
[2023-12-07T07:51:42.790805+00:00] blog.NOTICE: afsdfasd [] []
[2023-12-07T07:51:47.334438+00:00] blog.NOTICE: aaaa [] []
[2023-12-07T07:51:47.335195+00:00] blog.NOTICE: afsdfasd [] []
[2023-12-07T07:51:48.108339+00:00] blog.NOTICE: aaaa [] []
[2023-12-07T07:51:48.109105+00:00] blog.NOTICE: afsdfasd [] []
[2023-12-07T07:51:48.832239+00:00] blog.NOTICE: aaaa [] []
[2023-12-07T07:51:48.832640+00:00] blog.NOTICE: afsdfasd [] []
[2023-12-07T07:51:49.567417+00:00] blog.NOTICE: aaaa [] []
[2023-12-07T07:51:49.568168+00:00] blog.NOTICE: afsdfasd [] []
[2023-12-07T15:32:32.438439+00:00] blog.NOTICE: aaaa [] []
[2023-12-07T15:32:32.439027+00:00] blog.NOTICE: afsdfasd [] []
[2023-12-07T15:33:57.302323+00:00] blog.NOTICE: aaaa [] []
[2023-12-07T15:33:57.302928+00:00] blog.NOTICE: afsdfasd [] []
[2023-12-07T15:34:00.280767+00:00] blog.NOTICE: aaaa [] []
[2023-12-07T15:34:00.282076+00:00] blog.NOTICE: afsdfasd [] []
[2023-12-07T15:34:03.035465+00:00] blog.NOTICE: aaaa [] []
[2023-12-07T15:34:03.036479+00:00] blog.NOTICE: afsdfasd [] []
[2023-12-07T15:36:53.650176+00:00] blog.NOTICE: aaaa [] []
[2023-12-07T15:36:53.651003+00:00] blog.NOTICE: afsdfasd [] []
[2023-12-07T16:31:06.528346+00:00] blog.NOTICE: Route not found: DELETE /posts/likes [] []
[2023-12-08T05:36:11.991313+00:00] blog.WARNING: {"uuid":"6571f4a91fbc1","article_uuid":"1","user_uuid":"1"} [] []
[2023-12-08T05:40:17.068189+00:00] blog.WARNING: {"uuid":"6571f4a91fbc1","article_uuid":"1","user_uuid":"1"} [] []
[2023-12-08T05:40:17.069290+00:00] blog.WARNING: {"uuid":"6571f4aac8d38","article_uuid":"1","user_uuid":"1"} [] []
[2023-12-08T05:40:17.069345+00:00] blog.WARNING: {"uuid":"6571f4abbde76","article_uuid":"1","user_uuid":"1"} [] []
[2023-12-08T05:40:17.069387+00:00] blog.WARNING: {"uuid":"6571f4ac85012","article_uuid":"1","user_uuid":"1"} [] []
[2023-12-08T05:40:17.069426+00:00] blog.WARNING: {"uuid":"6571f4ad3b1f2","article_uuid":"1","user_uuid":"1"} [] []
[2023-12-08T05:40:17.069466+00:00] blog.WARNING: {"uuid":"6571f4addfa84","article_uuid":"1","user_uuid":"1"} [] []
[2023-12-08T05:40:43.967169+00:00] blog.WARNING: {"uuid":"6571f4a91fbc1","article_uuid":"1","user_uuid":"1"} [] []
[2023-12-08T05:40:43.967778+00:00] blog.WARNING: {"uuid":"6571f4aac8d38","article_uuid":"1","user_uuid":"1"} [] []
[2023-12-08T05:40:43.967803+00:00] blog.WARNING: {"uuid":"6571f4abbde76","article_uuid":"1","user_uuid":"1"} [] []
[2023-12-08T05:40:43.967823+00:00] blog.WARNING: {"uuid":"6571f4ac85012","article_uuid":"1","user_uuid":"1"} [] []
[2023-12-08T05:40:43.967845+00:00] blog.WARNING: {"uuid":"6571f4ad3b1f2","article_uuid":"1","user_uuid":"1"} [] []
[2023-12-08T05:40:43.967865+00:00] blog.WARNING: {"uuid":"6571f4addfa84","article_uuid":"1","user_uuid":"1"} [] []
[2023-12-08T05:40:43.967883+00:00] blog.WARNING: {"uuid":"6572ac4110897","article_uuid":"1","user_uuid":"1"} [] []
[2023-12-08T05:44:22.738625+00:00] blog.WARNING: saving article like 6572ad36b444a [] []
[2023-12-08T05:46:12.429923+00:00] blog.WARNING: saving article like 6572ada468e83 [] []
[2023-12-08T06:35:25.616747+00:00] blog.WARNING: saving article 6572b92d96895 [] []
[2023-12-08T06:35:27.914325+00:00] blog.WARNING: saving article 6572b92fdf2a0 [] []
